app/build/outputs/logs/manifest-merger-release-report.txt
-- Merging decision tree log ---
provider#android.support.v4.content.FileProvider
INJECTED from src\main\AndroidManifest.xml:295:9-303:20
	android:grantUriPermissions
		ADDED from src\main\AndroidManifest.xml:299:13-47
	android:authorities
		INJECTED from src\main\AndroidManifest.xml
		ADDED from src\main\AndroidManifest.xml:297:13-60
	android:exported
		ADDED from src\main\AndroidManifest.xml:298:13-37
	android:name
		ADDED from src\main\AndroidManifest.xml:296:13-67
manifest
ADDED from src\main\AndroidManifest.xml:2:1-305:12
INJECTED from src\main\AndroidManifest.xml:2:1-305:12
INJECTED from src\main\AndroidManifest.xml:2:1-305:12
INJECTED from src\main\AndroidManifest.xml:2:1-305:12
MERGED from [com.google.android.gms:play-services-ads:17.1.3] AndroidManifest.xml:17:1-25:12
MERGED from [com.google.android.gms:play-services-auth:16.0.1] AndroidManifest.xml:17:1-39:12
MERGED from [com.google.firebase:firebase-messaging:17.4.0] AndroidManifest.xml:17:1-37:12
MERGED from [com.facebook.android:facebook-android-sdk:4.28.0] AndroidManifest.xml:21:1-31:12
MERGED from [com.facebook.android:facebook-login:4.28.0] AndroidManifest.xml:21:1-31:12
MERGED from [com.android.support:design:27.1.1] AndroidManifest.xml:17:1-22:12
MERGED from [com.android.support.constraint:constraint-layout:2.0.0-alpha3] AndroidManifest.xml:2:1-11:12
MERGED from [com.facebook.android:facebook-share:4.28.0] AndroidManifest.xml:21:1-31:12
MERGED from [com.facebook.android:facebook-common:4.28.0] AndroidManifest.xml:21:1-36:12
MERGED from [com.android.support:appcompat-v7:27.1.1] AndroidManifest.xml:17:1-22:12
MERGED from [com.android.support:cardview-v7:27.1.1] AndroidManifest.xml:17:1-22:12
MERGED from [com.android.support:recyclerview-v7:27.1.1] AndroidManifest.xml:17:1-22:12
MERGED from [com.android.support:palette-v7:27.1.1] AndroidManifest.xml:17:1-22:12
MERGED from [de.hdodenhof:circleimageview:2.1.0] AndroidManifest.xml:2:1-11:12
MERGED from [com.google.android.gms:play-services-analytics:16.0.7] AndroidManifest.xml:17:1-47:12
MERGED from [com.google.android.gms:play-services-gcm:16.1.0] AndroidManifest.xml:17:1-28:12
MERGED from [com.google.android.gms:play-services-location:16.0.0] AndroidManifest.xml:2:1-9:12
MERGED from [com.android.support:multidex:1.0.2] AndroidManifest.xml:17:1-22:12
MERGED from [com.android.support:customtabs:26.1.0] AndroidManifest.xml:17:1-28:12
MERGED from [com.google.android.gms:play-services-ads-lite:17.1.3] AndroidManifest.xml:17:1-42:12
MERGED from [com.google.android.gms:play-services-gass:17.1.3] AndroidManifest.xml:2:1-9:12
MERGED from [com.google.android.gms:play-services-ads-base:17.1.3] AndroidManifest.xml:2:1-9:12
MERGED from [com.google.android.gms:play-services-tagmanager-v4-impl:16.0.7] AndroidManifest.xml:17:1-24:12
MERGED from [com.google.android.gms:play-services-analytics-impl:16.0.7] AndroidManifest.xml:17:1-31:12
MERGED from [com.google.android.gms:play-services-ads-identifier:16.0.0] AndroidManifest.xml:17:1-24:12
MERGED from [com.google.android.gms:play-services-auth-api-phone:16.0.0] AndroidManifest.xml:2:1-7:12
MERGED from [com.google.android.gms:play-services-auth-base:16.0.0] AndroidManifest.xml:2:1-7:12
MERGED from [com.google.android.gms:play-services-iid:16.0.1] AndroidManifest.xml:17:1-28:12
MERGED from [com.google.firebase:firebase-iid:17.1.0] AndroidManifest.xml:17:1-59:12
MERGED from [com.google.firebase:firebase-iid-interop:16.0.1] AndroidManifest.xml:2:1-10:12
MERGED from [com.google.android.gms:play-services-base:16.0.1] AndroidManifest.xml:17:1-29:12
MERGED from [com.google.firebase:firebase-common:16.0.3] AndroidManifest.xml:2:1-17:12
MERGED from [com.google.android.gms:play-services-tasks:16.0.1] AndroidManifest.xml:2:1-9:12
MERGED from [com.google.firebase:firebase-measurement-connector:17.0.1] AndroidManifest.xml:17:1-25:12
MERGED from [com.google.android.gms:play-services-measurement-sdk-api:16.3.0] AndroidManifest.xml:17:1-30:12
MERGED from [com.google.android.gms:play-services-measurement-base:16.3.0] AndroidManifest.xml:2:1-9:12
MERGED from [com.google.android.gms:play-services-stats:16.0.1] AndroidManifest.xml:2:1-9:12
MERGED from [com.google.android.gms:play-services-places-placereport:16.0.0] AndroidManifest.xml:17:1-24:12
MERGED from [com.google.android.gms:play-services-basement:16.0.1] AndroidManifest.xml:17:1-28:12
MERGED from [com.facebook.android:facebook-places:4.28.0] AndroidManifest.xml:21:1-31:12
MERGED from [com.facebook.android:facebook-applinks:4.28.0] AndroidManifest.xml:21:1-31:12
MERGED from [com.facebook.android:facebook-messenger:4.28.0] AndroidManifest.xml:21:1-31:12
MERGED from [com.facebook.android:facebook-core:4.28.0] AndroidManifest.xml:21:1-45:12
MERGED from [com.android.support:support-v4:27.1.1] AndroidManifest.xml:17:1-22:12
MERGED from [com.android.support:transition:27.1.1] AndroidManifest.xml:17:1-22:12
MERGED from [com.android.support:support-fragment:27.1.1] AndroidManifest.xml:17:1-22:12
MERGED from [com.android.support:animated-vector-drawable:27.1.1] AndroidManifest.xml:17:1-22:12
MERGED from [com.android.support:support-core-ui:27.1.1] AndroidManifest.xml:17:1-22:12
MERGED from [com.android.support:support-core-utils:27.1.1] AndroidManifest.xml:17:1-22:12
MERGED from [com.android.support:support-vector-drawable:27.1.1] AndroidManifest.xml:17:1-22:12
MERGED from [com.android.support:support-media-compat:27.1.1] AndroidManifest.xml:17:1-22:12
MERGED from [com.android.support:support-compat:27.1.1] AndroidManifest.xml:17:1-22:12
MERGED from [android.arch.lifecycle:livedata-core:1.1.0] AndroidManifest.xml:17:1-22:12
MERGED from [android.arch.lifecycle:viewmodel:1.1.0] AndroidManifest.xml:17:1-22:12
MERGED from [android.arch.lifecycle:runtime:1.1.0] AndroidManifest.xml:17:1-22:12
MERGED from [android.arch.core:runtime:1.1.0] AndroidManifest.xml:17:1-22:12
INJECTED from src\main\AndroidManifest.xml:2:1-305:12
INJECTED from src\main\AndroidManifest.xml:2:1-305:12
INJECTED from src\main\AndroidManifest.xml:2:1-305:12
	package
		ADDED from src\main\AndroidManifest.xml:4:5-40
		INJECTED from src\main\AndroidManifest.xml
		INJECTED from src\main\AndroidManifest.xml
	android:versionName
		INJECTED from src\main\AndroidManifest.xml
		ADDED from src\main\AndroidManifest.xml:2:1-305:12
		INJECTED from src\main\AndroidManifest.xml
	xmlns:tools
		ADDED from src\main\AndroidManifest.xml:3:5-51
	android:versionCode
		INJECTED from src\main\AndroidManifest.xml
		ADDED from src\main\AndroidManifest.xml:2:1-305:12
		INJECTED from src\main\AndroidManifest.xml
	xmlns:android
		ADDED from src\main\AndroidManifest.xml:2:11-69
uses-permission#android.permission.ACCESS_WIFI_STATE
ADDED from src\main\AndroidManifest.xml:10:5-76
	android:name
		ADDED from src\main\AndroidManifest.xml:10:22-73
uses-permission#android.permission.ACCESS_NETWORK_STATE
ADDED from src\main\AndroidManifest.xml:11:5-79
MERGED from [com.google.android.gms:play-services-analytics:16.0.7] AndroidManifest.xml:24:5-79
MERGED from [com.google.android.gms:play-services-analytics:16.0.7] AndroidManifest.xml:24:5-79
MERGED from [com.google.android.gms:play-services-ads-lite:17.1.3] AndroidManifest.xml:24:5-79
MERGED from [com.google.android.gms:play-services-ads-lite:17.1.3] AndroidManifest.xml:24:5-79
MERGED from [com.google.android.gms:play-services-analytics-impl:16.0.7] AndroidManifest.xml:24:5-79
MERGED from [com.google.android.gms:play-services-analytics-impl:16.0.7] AndroidManifest.xml:24:5-79
MERGED from [com.google.firebase:firebase-iid:17.1.0] AndroidManifest.xml:22:5-79
MERGED from [com.google.firebase:firebase-iid:17.1.0] AndroidManifest.xml:22:5-79
MERGED from [com.google.android.gms:play-services-measurement-sdk-api:16.3.0] AndroidManifest.xml:24:5-79
MERGED from [com.google.android.gms:play-services-measurement-sdk-api:16.3.0] AndroidManifest.xml:24:5-79
	android:name
		ADDED from src\main\AndroidManifest.xml:11:22-76
uses-permission#android.permission.INTERNET
ADDED from src\main\AndroidManifest.xml:12:5-67
MERGED from [com.google.android.gms:play-services-analytics:16.0.7] AndroidManifest.xml:23:5-67
MERGED from [com.google.android.gms:play-services-analytics:16.0.7] AndroidManifest.xml:23:5-67
MERGED from [com.google.android.gms:play-services-gcm:16.1.0] AndroidManifest.xml:24:5-67
MERGED from [com.google.android.gms:play-services-gcm:16.1.0] AndroidManifest.xml:24:5-67
MERGED from [com.google.android.gms:play-services-ads-lite:17.1.3] AndroidManifest.xml:23:5-67
MERGED from [com.google.android.gms:play-services-ads-lite:17.1.3] AndroidManifest.xml:23:5-67
MERGED from [com.google.android.gms:play-services-analytics-impl:16.0.7] AndroidManifest.xml:23:5-67
MERGED from [com.google.android.gms:play-services-analytics-impl:16.0.7] AndroidManifest.xml:23:5-67
MERGED from [com.google.android.gms:play-services-iid:16.0.1] AndroidManifest.xml:24:5-67
MERGED from [com.google.android.gms:play-services-iid:16.0.1] AndroidManifest.xml:24:5-67
MERGED from [com.google.firebase:firebase-iid:17.1.0] AndroidManifest.xml:23:5-67
MERGED from [com.google.firebase:firebase-iid:17.1.0] AndroidManifest.xml:23:5-67
MERGED from [com.google.android.gms:play-services-measurement-sdk-api:16.3.0] AndroidManifest.xml:23:5-67
MERGED from [com.google.android.gms:play-services-measurement-sdk-api:16.3.0] AndroidManifest.xml:23:5-67
	android:name
		ADDED from src\main\AndroidManifest.xml:12:22-64
uses-permission#android.permission.CAMERA
ADDED from src\main\AndroidManifest.xml:13:5-65
	android:name
		ADDED from src\main\AndroidManifest.xml:13:22-62
uses-permission#android.permission.READ_EXTERNAL_STORAGE
ADDED from src\main\AndroidManifest.xml:14:5-81
	android:name
		ADDED from src\main\AndroidManifest.xml:14:22-77
uses-permission#android.permission.WRITE_EXTERNAL_STORAGE
ADDED from src\main\AndroidManifest.xml:15:5-81
	android:name
		ADDED from src\main\AndroidManifest.xml:15:22-78
permission#com.socialbeat.influencer.gcm.permission.C2D_MESSAGE
ADDED from src\main\AndroidManifest.xml:18:5-20:47
	android:protectionLevel
		ADDED from src\main\AndroidManifest.xml:20:9-44
	android:name
		ADDED from src\main\AndroidManifest.xml:19:9-76
uses-permission#com.google.android.c2dm.permission.RECEIVE
ADDED from src\main\AndroidManifest.xml:22:5-82
MERGED from [com.google.android.gms:play-services-gcm:16.1.0] AndroidManifest.xml:23:5-82
MERGED from [com.google.android.gms:play-services-gcm:16.1.0] AndroidManifest.xml:23:5-82
MERGED from [com.google.android.gms:play-services-iid:16.0.1] AndroidManifest.xml:23:5-82
MERGED from [com.google.android.gms:play-services-iid:16.0.1] AndroidManifest.xml:23:5-82
MERGED from [com.google.firebase:firebase-iid:17.1.0] AndroidManifest.xml:26:5-82
MERGED from [com.google.firebase:firebase-iid:17.1.0] AndroidManifest.xml:26:5-82
	android:name
		ADDED from src\main\AndroidManifest.xml:22:22-79
uses-feature#android.hardware.camera
ADDED from src\main\AndroidManifest.xml:24:5-85
	android:required
		ADDED from src\main\AndroidManifest.xml:24:58-82
	android:name
		ADDED from src\main\AndroidManifest.xml:24:19-57
application
ADDED from src\main\AndroidManifest.xml:26:5-304:19
MERGED from [com.google.android.gms:play-services-auth:16.0.1] AndroidManifest.xml:22:5-37:19
MERGED from [com.google.android.gms:play-services-auth:16.0.1] AndroidManifest.xml:22:5-37:19
MERGED from [com.google.firebase:firebase-messaging:17.4.0] AndroidManifest.xml:22:5-35:19
MERGED from [com.google.firebase:firebase-messaging:17.4.0] AndroidManifest.xml:22:5-35:19
MERGED from [com.facebook.android:facebook-android-sdk:4.28.0] AndroidManifest.xml:28:5-29:19
MERGED from [com.facebook.android:facebook-android-sdk:4.28.0] AndroidManifest.xml:28:5-29:19
MERGED from [com.facebook.android:facebook-login:4.28.0] AndroidManifest.xml:28:5-29:19
MERGED from [com.facebook.android:facebook-login:4.28.0] AndroidManifest.xml:28:5-29:19
MERGED from [com.android.support.constraint:constraint-layout:2.0.0-alpha3] AndroidManifest.xml:9:5-20
MERGED from [com.android.support.constraint:constraint-layout:2.0.0-alpha3] AndroidManifest.xml:9:5-20
MERGED from [com.facebook.android:facebook-share:4.28.0] AndroidManifest.xml:28:5-29:19
MERGED from [com.facebook.android:facebook-share:4.28.0] AndroidManifest.xml:28:5-29:19
MERGED from [com.facebook.android:facebook-common:4.28.0] AndroidManifest.xml:28:5-34:19
MERGED from [com.facebook.android:facebook-common:4.28.0] AndroidManifest.xml:28:5-34:19
MERGED from [de.hdodenhof:circleimageview:2.1.0] AndroidManifest.xml:9:5-20
MERGED from [de.hdodenhof:circleimageview:2.1.0] AndroidManifest.xml:9:5-20
MERGED from [com.google.android.gms:play-services-analytics:16.0.7] AndroidManifest.xml:29:5-45:19
MERGED from [com.google.android.gms:play-services-analytics:16.0.7] AndroidManifest.xml:29:5-45:19
MERGED from [com.google.android.gms:play-services-gcm:16.1.0] AndroidManifest.xml:26:5-20
MERGED from [com.google.android.gms:play-services-gcm:16.1.0] AndroidManifest.xml:26:5-20
MERGED from [com.google.android.gms:play-services-location:16.0.0] AndroidManifest.xml:7:5-20
MERGED from [com.google.android.gms:play-services-location:16.0.0] AndroidManifest.xml:7:5-20
MERGED from [com.android.support:customtabs:26.1.0] AndroidManifest.xml:22:5-26:19
MERGED from [com.android.support:customtabs:26.1.0] AndroidManifest.xml:22:5-26:19
MERGED from [com.google.android.gms:play-services-ads-lite:17.1.3] AndroidManifest.xml:26:5-40:19
MERGED from [com.google.android.gms:play-services-ads-lite:17.1.3] AndroidManifest.xml:26:5-40:19
MERGED from [com.google.android.gms:play-services-gass:17.1.3] AndroidManifest.xml:7:5-20
MERGED from [com.google.android.gms:play-services-gass:17.1.3] AndroidManifest.xml:7:5-20
MERGED from [com.google.android.gms:play-services-ads-base:17.1.3] AndroidManifest.xml:7:5-20
MERGED from [com.google.android.gms:play-services-ads-base:17.1.3] AndroidManifest.xml:7:5-20
MERGED from [com.google.android.gms:play-services-tagmanager-v4-impl:16.0.7] AndroidManifest.xml:22:5-20
MERGED from [com.google.android.gms:play-services-tagmanager-v4-impl:16.0.7] AndroidManifest.xml:22:5-20
MERGED from [com.google.android.gms:play-services-analytics-impl:16.0.7] AndroidManifest.xml:29:5-20
MERGED from [com.google.android.gms:play-services-analytics-impl:16.0.7] AndroidManifest.xml:29:5-20
MERGED from [com.google.android.gms:play-services-ads-identifier:16.0.0] AndroidManifest.xml:22:5-20
MERGED from [com.google.android.gms:play-services-ads-identifier:16.0.0] AndroidManifest.xml:22:5-20
MERGED from [com.google.android.gms:play-services-iid:16.0.1] AndroidManifest.xml:26:5-20
MERGED from [com.google.android.gms:play-services-iid:16.0.1] AndroidManifest.xml:26:5-20
MERGED from [com.google.firebase:firebase-iid:17.1.0] AndroidManifest.xml:28:5-57:19
MERGED from [com.google.firebase:firebase-iid:17.1.0] AndroidManifest.xml:28:5-57:19
MERGED from [com.google.firebase:firebase-iid-interop:16.0.1] AndroidManifest.xml:7:5-8:19
MERGED from [com.google.firebase:firebase-iid-interop:16.0.1] AndroidManifest.xml:7:5-8:19
MERGED from [com.google.android.gms:play-services-base:16.0.1] AndroidManifest.xml:22:5-27:19
MERGED from [com.google.android.gms:play-services-base:16.0.1] AndroidManifest.xml:22:5-27:19
MERGED from [com.google.firebase:firebase-common:16.0.3] AndroidManifest.xml:9:5-15:19
MERGED from [com.google.firebase:firebase-common:16.0.3] AndroidManifest.xml:9:5-15:19
MERGED from [com.google.android.gms:play-services-tasks:16.0.1] AndroidManifest.xml:7:5-20
MERGED from [com.google.android.gms:play-services-tasks:16.0.1] AndroidManifest.xml:7:5-20
MERGED from [com.google.firebase:firebase-measurement-connector:17.0.1] AndroidManifest.xml:22:5-23:19
MERGED from [com.google.firebase:firebase-measurement-connector:17.0.1] AndroidManifest.xml:22:5-23:19
MERGED from [com.google.android.gms:play-services-measurement-sdk-api:16.3.0] AndroidManifest.xml:27:5-28:19
MERGED from [com.google.android.gms:play-services-measurement-sdk-api:16.3.0] AndroidManifest.xml:27:5-28:19
MERGED from [com.google.android.gms:play-services-measurement-base:16.3.0] AndroidManifest.xml:7:5-20
MERGED from [com.google.android.gms:play-services-measurement-base:16.3.0] AndroidManifest.xml:7:5-20
MERGED from [com.google.android.gms:play-services-stats:16.0.1] AndroidManifest.xml:7:5-20
MERGED from [com.google.android.gms:play-services-stats:16.0.1] AndroidManifest.xml:7:5-20
MERGED from [com.google.android.gms:play-services-places-placereport:16.0.0] AndroidManifest.xml:22:5-20
MERGED from [com.google.android.gms:play-services-places-placereport:16.0.0] AndroidManifest.xml:22:5-20
MERGED from [com.google.android.gms:play-services-basement:16.0.1] AndroidManifest.xml:22:5-26:19
MERGED from [com.google.android.gms:play-services-basement:16.0.1] AndroidManifest.xml:22:5-26:19
MERGED from [com.facebook.android:facebook-places:4.28.0] AndroidManifest.xml:28:5-29:19
MERGED from [com.facebook.android:facebook-places:4.28.0] AndroidManifest.xml:28:5-29:19
MERGED from [com.facebook.android:facebook-applinks:4.28.0] AndroidManifest.xml:28:5-29:19
MERGED from [com.facebook.android:facebook-applinks:4.28.0] AndroidManifest.xml:28:5-29:19
MERGED from [com.facebook.android:facebook-messenger:4.28.0] AndroidManifest.xml:28:5-29:19
MERGED from [com.facebook.android:facebook-messenger:4.28.0] AndroidManifest.xml:28:5-29:19
MERGED from [com.facebook.android:facebook-core:4.28.0] AndroidManifest.xml:28:5-43:19
MERGED from [com.facebook.android:facebook-core:4.28.0] AndroidManifest.xml:28:5-43:19
	android:screenOrientation
		ADDED from src\main\AndroidManifest.xml:32:9-45
	android:supportsRtl
		ADDED from src\main\AndroidManifest.xml:31:9-35
	android:label
		ADDED from src\main\AndroidManifest.xml:30:9-41
	android:icon
		ADDED from src\main\AndroidManifest.xml:29:9-43
	android:allowBackup
		ADDED from src\main\AndroidManifest.xml:28:9-35
	android:theme
		ADDED from src\main\AndroidManifest.xml:33:9-40
	android:name
		ADDED from src\main\AndroidManifest.xml:27:9-38
activity#com.socialbeat.influencer.SplashScreenActivity
ADDED from src\main\AndroidManifest.xml:34:9-45:20
	android:screenOrientation
		ADDED from src\main\AndroidManifest.xml:36:13-49
	android:windowSoftInputMode
		ADDED from src\main\AndroidManifest.xml:37:13-60
	android:theme
		ADDED from src\main\AndroidManifest.xml:38:13-80
	android:name
		ADDED from src\main\AndroidManifest.xml:35:13-49
intent-filter#action:name:android.intent.action.MAIN+category:name:android.intent.category.LAUNCHER
ADDED from src\main\AndroidManifest.xml:39:13-42:29
action#android.intent.action.MAIN
ADDED from src\main\AndroidManifest.xml:40:17-69
	android:name
		ADDED from src\main\AndroidManifest.xml:40:25-66
category#android.intent.category.LAUNCHER
ADDED from src\main\AndroidManifest.xml:41:17-77
	android:name
		ADDED from src\main\AndroidManifest.xml:41:27-74
meta-data#android.app.shortcuts
ADDED from src\main\AndroidManifest.xml:43:13-44:53
	android:resource
		ADDED from src\main\AndroidManifest.xml:44:17-50
	android:name
		ADDED from src\main\AndroidManifest.xml:43:24-60
activity#com.socialbeat.influencer.FirstActivity
ADDED from src\main\AndroidManifest.xml:47:9-51:20
	android:screenOrientation
		ADDED from src\main\AndroidManifest.xml:49:13-49
	android:theme
		ADDED from src\main\AndroidManifest.xml:50:13-80
	android:name
		ADDED from src\main\AndroidManifest.xml:48:13-42
activity#com.socialbeat.influencer.LoginActivity
ADDED from src\main\AndroidManifest.xml:52:9-57:20
	android:screenOrientation
		ADDED from src\main\AndroidManifest.xml:54:13-49
	android:windowSoftInputMode
		ADDED from src\main\AndroidManifest.xml:55:13-60
	android:theme
		ADDED from src\main\AndroidManifest.xml:56:13-80
	android:name
		ADDED from src\main\AndroidManifest.xml:53:13-42
activity#com.socialbeat.influencer.RegistrationActivityOne
ADDED from src\main\AndroidManifest.xml:58:9-63:20
	android:screenOrientation
		ADDED from src\main\AndroidManifest.xml:60:13-49
	android:windowSoftInputMode
		ADDED from src\main\AndroidManifest.xml:61:13-60
	android:theme
		ADDED from src\main\AndroidManifest.xml:62:13-80
	android:name
		ADDED from src\main\AndroidManifest.xml:59:13-52
activity#com.socialbeat.influencer.NewHomeActivity
ADDED from src\main\AndroidManifest.xml:65:9-70:20
	android:screenOrientation
		ADDED from src\main\AndroidManifest.xml:67:13-49
	android:windowSoftInputMode
		ADDED from src\main\AndroidManifest.xml:69:13-60
	android:theme
		ADDED from src\main\AndroidManifest.xml:68:13-56
	android:name
		ADDED from src\main\AndroidManifest.xml:66:13-44
activity#com.socialbeat.influencer.MyProfileDummy
ADDED from src\main\AndroidManifest.xml:72:9-76:20
	android:screenOrientation
		ADDED from src\main\AndroidManifest.xml:74:13-49
	android:windowSoftInputMode
		ADDED from src\main\AndroidManifest.xml:75:13-60
	android:name
		ADDED from src\main\AndroidManifest.xml:73:13-43
activity#com.socialbeat.influencer.SocialMedia
ADDED from src\main\AndroidManifest.xml:78:9-82:20
	android:screenOrientation
		ADDED from src\main\AndroidManifest.xml:80:13-49
	android:windowSoftInputMode
		ADDED from src\main\AndroidManifest.xml:81:13-60
	android:name
		ADDED from src\main\AndroidManifest.xml:79:13-40
activity#com.socialbeat.influencer.SocialMediaAuth
ADDED from src\main\AndroidManifest.xml:84:9-88:20
	android:screenOrientation
		ADDED from src\main\AndroidManifest.xml:86:13-49
	android:windowSoftInputMode
		ADDED from src\main\AndroidManifest.xml:87:13-60
	android:name
		ADDED from src\main\AndroidManifest.xml:85:13-44
activity#com.socialbeat.influencer.MyProfileNew
ADDED from src\main\AndroidManifest.xml:90:13-94:20
	android:screenOrientation
		ADDED from src\main\AndroidManifest.xml:92:13-49
	android:windowSoftInputMode
		ADDED from src\main\AndroidManifest.xml:93:13-60
	android:name
		ADDED from src\main\AndroidManifest.xml:91:13-41
activity#com.socialbeat.influencer.MoreSettings
ADDED from src\main\AndroidManifest.xml:96:9-100:20
	android:screenOrientation
		ADDED from src\main\AndroidManifest.xml:98:13-49
	android:windowSoftInputMode
		ADDED from src\main\AndroidManifest.xml:99:13-60
	android:name
		ADDED from src\main\AndroidManifest.xml:97:13-41
activity#com.socialbeat.influencer.UserSettings
ADDED from src\main\AndroidManifest.xml:102:9-106:20
	android:screenOrientation
		ADDED from src\main\AndroidManifest.xml:104:13-49
	android:windowSoftInputMode
		ADDED from src\main\AndroidManifest.xml:105:13-60
	android:name
		ADDED from src\main\AndroidManifest.xml:103:13-41
activity#com.socialbeat.influencer.MyCampDetails
ADDED from src\main\AndroidManifest.xml:108:9-113:20
	android:screenOrientation
		ADDED from src\main\AndroidManifest.xml:110:13-49
	android:windowSoftInputMode
		ADDED from src\main\AndroidManifest.xml:111:13-60
	android:theme
		ADDED from src\main\AndroidManifest.xml:112:13-45
	android:name
		ADDED from src\main\AndroidManifest.xml:109:13-42
activity#com.socialbeat.influencer.MyCampaignsFragment
ADDED from src\main\AndroidManifest.xml:115:9-119:20
	android:screenOrientation
		ADDED from src\main\AndroidManifest.xml:117:13-49
	android:windowSoftInputMode
		ADDED from src\main\AndroidManifest.xml:118:13-60
	android:name
		ADDED from src\main\AndroidManifest.xml:116:13-48
activity#com.socialbeat.influencer.WalletOld
ADDED from src\main\AndroidManifest.xml:121:9-125:20
	android:screenOrientation
		ADDED from src\main\AndroidManifest.xml:123:13-49
	android:windowSoftInputMode
		ADDED from src\main\AndroidManifest.xml:124:13-60
	android:name
		ADDED from src\main\AndroidManifest.xml:122:13-38
activity#com.socialbeat.influencer.OurBlogPage
ADDED from src\main\AndroidManifest.xml:127:9-131:20
	android:screenOrientation
		ADDED from src\main\AndroidManifest.xml:129:13-49
	android:windowSoftInputMode
		ADDED from src\main\AndroidManifest.xml:130:13-60
	android:name
		ADDED from src\main\AndroidManifest.xml:128:13-40
activity#com.socialbeat.influencer.TermsCondition
ADDED from src\main\AndroidManifest.xml:133:9-137:20
	android:screenOrientation
		ADDED from src\main\AndroidManifest.xml:135:13-49
	android:windowSoftInputMode
		ADDED from src\main\AndroidManifest.xml:136:13-60
	android:name
		ADDED from src\main\AndroidManifest.xml:134:13-43
activity#com.socialbeat.influencer.TwitterPage
ADDED from src\main\AndroidManifest.xml:139:9-143:20
	android:screenOrientation
		ADDED from src\main\AndroidManifest.xml:141:13-49
	android:windowSoftInputMode
		ADDED from src\main\AndroidManifest.xml:142:13-60
	android:name
		ADDED from src\main\AndroidManifest.xml:140:13-40
activity#com.socialbeat.influencer.InstagramPage
ADDED from src\main\AndroidManifest.xml:145:9-149:20
	android:screenOrientation
		ADDED from src\main\AndroidManifest.xml:147:13-49
	android:windowSoftInputMode
		ADDED from src\main\AndroidManifest.xml:148:13-60
	android:name
		ADDED from src\main\AndroidManifest.xml:146:13-42
activity#com.socialbeat.influencer.BloggerPage
ADDED from src\main\AndroidManifest.xml:151:9-155:20
	android:screenOrientation
		ADDED from src\main\AndroidManifest.xml:153:13-49
	android:windowSoftInputMode
		ADDED from src\main\AndroidManifest.xml:154:13-60
	android:name
		ADDED from src\main\AndroidManifest.xml:152:13-40
activity#com.socialbeat.influencer.FacebookPage
ADDED from src\main\AndroidManifest.xml:157:9-161:20
	android:screenOrientation
		ADDED from src\main\AndroidManifest.xml:159:13-49
	android:windowSoftInputMode
		ADDED from src\main\AndroidManifest.xml:160:13-60
	android:name
		ADDED from src\main\AndroidManifest.xml:158:13-41
activity#com.socialbeat.influencer.YoutubePage
ADDED from src\main\AndroidManifest.xml:164:9-168:20
	android:screenOrientation
		ADDED from src\main\AndroidManifest.xml:166:13-49
	android:windowSoftInputMode
		ADDED from src\main\AndroidManifest.xml:167:13-60
	android:name
		ADDED from src\main\AndroidManifest.xml:165:13-40
activity#com.socialbeat.influencer.NotificationManager
ADDED from src\main\AndroidManifest.xml:170:9-174:20
	android:screenOrientation
		ADDED from src\main\AndroidManifest.xml:172:13-49
	android:windowSoftInputMode
		ADDED from src\main\AndroidManifest.xml:173:13-60
	android:name
		ADDED from src\main\AndroidManifest.xml:171:13-48
activity#com.socialbeat.influencer.PrivatePolicy
ADDED from src\main\AndroidManifest.xml:176:9-180:20
	android:screenOrientation
		ADDED from src\main\AndroidManifest.xml:178:13-49
	android:windowSoftInputMode
		ADDED from src\main\AndroidManifest.xml:179:13-60
	android:name
		ADDED from src\main\AndroidManifest.xml:177:13-42
activity#com.socialbeat.influencer.AllCampDetailsLive
ADDED from src\main\AndroidManifest.xml:183:9-187:20
	android:screenOrientation
		ADDED from src\main\AndroidManifest.xml:185:13-49
	android:windowSoftInputMode
		ADDED from src\main\AndroidManifest.xml:186:13-60
	android:name
		ADDED from src\main\AndroidManifest.xml:184:13-47
activity#com.socialbeat.influencer.AllCampDetailsPast
ADDED from src\main\AndroidManifest.xml:189:9-193:20
	android:screenOrientation
		ADDED from src\main\AndroidManifest.xml:191:13-49
	android:windowSoftInputMode
		ADDED from src\main\AndroidManifest.xml:192:13-60
	android:name
		ADDED from src\main\AndroidManifest.xml:190:13-47
activity#com.socialbeat.influencer.MyCampaigns
ADDED from src\main\AndroidManifest.xml:195:9-200:20
	android:screenOrientation
		ADDED from src\main\AndroidManifest.xml:197:13-49
	android:windowSoftInputMode
		ADDED from src\main\AndroidManifest.xml:198:13-60
	android:theme
		ADDED from src\main\AndroidManifest.xml:199:13-56
	android:name
		ADDED from src\main\AndroidManifest.xml:196:13-40
activity#com.socialbeat.influencer.TransactionHistory
ADDED from src\main\AndroidManifest.xml:202:9-206:20
	android:screenOrientation
		ADDED from src\main\AndroidManifest.xml:204:13-49
	android:windowSoftInputMode
		ADDED from src\main\AndroidManifest.xml:205:13-60
	android:name
		ADDED from src\main\AndroidManifest.xml:203:13-47
activity#com.socialbeat.influencer.MyWallet
ADDED from src\main\AndroidManifest.xml:208:9-212:20
	android:screenOrientation
		ADDED from src\main\AndroidManifest.xml:210:13-49
	android:windowSoftInputMode
		ADDED from src\main\AndroidManifest.xml:211:13-60
	android:name
		ADDED from src\main\AndroidManifest.xml:209:13-37
activity#com.socialbeat.influencer.LoginSmsActivity
ADDED from src\main\AndroidManifest.xml:214:9-219:20
	android:screenOrientation
		ADDED from src\main\AndroidManifest.xml:216:13-49
	android:windowSoftInputMode
		ADDED from src\main\AndroidManifest.xml:217:13-60
	android:theme
		ADDED from src\main\AndroidManifest.xml:218:13-56
	android:name
		ADDED from src\main\AndroidManifest.xml:215:13-45
activity#com.socialbeat.influencer.ContactUs
ADDED from src\main\AndroidManifest.xml:221:9-225:20
	android:screenOrientation
		ADDED from src\main\AndroidManifest.xml:223:13-49
	android:windowSoftInputMode
		ADDED from src\main\AndroidManifest.xml:224:13-60
	android:name
		ADDED from src\main\AndroidManifest.xml:222:13-38
meta-data#com.google.android.gms.version
ADDED from src\main\AndroidManifest.xml:230:9-232:65
MERGED from [com.google.android.gms:play-services-basement:16.0.1] AndroidManifest.xml:23:9-25:69
MERGED from [com.google.android.gms:play-services-basement:16.0.1] AndroidManifest.xml:23:9-25:69
	android:value
		ADDED from src\main\AndroidManifest.xml:232:9-62
	android:name
		ADDED from src\main\AndroidManifest.xml:231:9-54
meta-data#com.google.android.gms.ads.AD_MANAGER_APP
ADDED from src\main\AndroidManifest.xml:233:9-235:36
	android:value
		ADDED from src\main\AndroidManifest.xml:235:13-33
	android:name
		ADDED from src\main\AndroidManifest.xml:234:13-69
meta-data#com.facebook.sdk.ApplicationId
ADDED from src\main\AndroidManifest.xml:237:9-238:45
	android:value
		ADDED from src\main\AndroidManifest.xml:238:13-43
	android:name
		ADDED from src\main\AndroidManifest.xml:237:20-65
activity#com.facebook.FacebookActivity
ADDED from src\main\AndroidManifest.xml:240:9-243:48
MERGED from [com.facebook.android:facebook-common:4.28.0] AndroidManifest.xml:29:9-32:66